Added Component: Designator=C1(CAPC2013X95X45NL10T25)
Add component (AddParameter): Name = "Manufacturer"; Value = "Murata"; VariantName = "[No Variations]"
Add component (AddParameter): Name = "Part Number"; Value = "GRM219R71H333KA01D"; VariantName = "[No Variations]"
Added Component: Designator=C2(CAPC2013X95X45NL10T25)
Add component (AddParameter): Name = "Manufacturer"; Value = "Murata"; VariantName = "[No Variations]"
Add component (AddParameter): Name = "Part Number"; Value = "GRM219R71H333KA01D"; VariantName = "[No Variations]"
Added Component: Designator=C3(CAPC2013X94X50NL20T25)
Add component (AddParameter): Name = "Manufacturer"; Value = "AVX Interconnect / Elco"; VariantName = "[No Variations]"
Add component (AddParameter): Name = "Part Number"; Value = "08055A200JAT2A"; VariantName = "[No Variations]"
Added Component: Designator=C4(CAPC2013X95X45NL10T25)
Add component (AddParameter): Name = "Manufacturer"; Value = "Murata"; VariantName = "[No Variations]"
Add component (AddParameter): Name = "Part Number"; Value = "GRM219R71H333KA01D"; VariantName = "[No Variations]"
Added Component: Designator=C5(CAPC2013X95X45NL10T25)
Add component (AddParameter): Name = "Manufacturer"; Value = "Murata"; VariantName = "[No Variations]"
Add component (AddParameter): Name = "Part Number"; Value = "GRM219R71H333KA01D"; VariantName = "[No Variations]"
Added Component: Designator=C6(CAPC2013X94X50NL20T25)
Add component (AddParameter): Name = "Manufacturer"; Value = "AVX Interconnect / Elco"; VariantName = "[No Variations]"
Add component (AddParameter): Name = "Part Number"; Value = "08055A200JAT2A"; VariantName = "[No Variations]"
Added Component: Designator=C7(CAPC2013X95X45NL10T25)
Add component (AddParameter): Name = "Manufacturer"; Value = "Murata"; VariantName = "[No Variations]"
Add component (AddParameter): Name = "Part Number"; Value = "GRM219R71H333KA01D"; VariantName = "[No Variations]"
Added Component: Designator=C8(CAPC2013X95X45NL10T25)
Add component (AddParameter): Name = "Manufacturer"; Value = "Murata"; VariantName = "[No Variations]"
Add component (AddParameter): Name = "Part Number"; Value = "GRM219R71H333KA01D"; VariantName = "[No Variations]"
Added Component: Designator=J1(AMPH-908-22101_V)
Add component (AddParameter): Name = "3D Model"; Value = "908-22101.igs"; VariantName = "[No Variations]"
Add component (AddParameter): Name = "Body Finish"; Value = "Gold"; VariantName = "[No Variations]"
Add component (AddParameter): Name = "Body Material"; Value = "BerylliumCopper"; VariantName = "[No Variations]"
Add component (AddParameter): Name = "Cable Group"; Value = "-"; VariantName = "[No Variations]"
Add component (AddParameter): Name = "Category"; Value = "Connectors,Interconnects"; VariantName = "[No Variations]"
Add component (AddParameter): Name = "Center Contact Material"; Value = "BerylliumCopper"; VariantName = "[No Variations]"
Add component (AddParameter): Name = "Center Contact Plating"; Value = "Gold"; VariantName = "[No Variations]"
Add component (AddParameter): Name = "Connector Style"; Value = "MMCX"; VariantName = "[No Variations]"
Add component (AddParameter): Name = "Connector Type"; Value = "Jack,FemaleSocket"; VariantName = "[No Variations]"
Add component (AddParameter): Name = "Contact Termination"; Value = "Solder"; VariantName = "[No Variations]"
Add component (AddParameter): Name = "Datasheet URL"; Value = "http://www.amphenolrf.com/downloads/dl/file/id/2664/product/2399/908_22101_customer_drawing.pdf"; VariantName = "[No Variations]"
Add component (AddParameter): Name = "Datasheet Version"; Value = "Rev. A, 05/1997"; VariantName = "[No Variations]"
Add component (AddParameter): Name = "Dielectric Material"; Value = "LiquidCrystalPolymer(LCP)"; VariantName = "[No Variations]"
Add component (AddParameter): Name = "Family"; Value = "CoaxialConnectors(RF)"; VariantName = "[No Variations]"
Add component (AddParameter): Name = "Fastening Type"; Value = "Snap-On"; VariantName = "[No Variations]"
Add component (AddParameter): Name = "Features"; Value = "-"; VariantName = "[No Variations]"
Add component (AddParameter): Name = "Frequency - Max"; Value = "6GHz"; VariantName = "[No Variations]"
Add component (AddParameter): Name = "Housing Color"; Value = "Black"; VariantName = "[No Variations]"
Add component (AddParameter): Name = "Impedance"; Value = "50Ohm"; VariantName = "[No Variations]"
Add component (AddParameter): Name = "Ingress Protection"; Value = "-"; VariantName = "[No Variations]"
Add component (AddParameter): Name = "Manufacturer"; Value = "Amphenol"; VariantName = "[No Variations]"
Add component (AddParameter): Name = "Manufacturer URL"; Value = "http://www.amphenol.com/"; VariantName = "[No Variations]"
Add component (AddParameter): Name = "Mounting Technology"; Value = "SurfaceMount"; VariantName = "[No Variations]"
Add component (AddParameter): Name = "Mounting Type"; Value = "SurfaceMount"; VariantName = "[No Variations]"
Add component (AddParameter): Name = "Online Catalog"; Value = "MMCX,MicroMate™Series"; VariantName = "[No Variations]"
Add component (AddParameter): Name = "Operating Temperature"; Value = "-55°C~155°C"; VariantName = "[No Variations]"
Add component (AddParameter): Name = "Other Names"; Value = "90822101ARF1724"; VariantName = "[No Variations]"
Add component (AddParameter): Name = "Package Description"; Value = "Female MMCX Connector, 1 Position, Height 3.607 mm"; VariantName = "[No Variations]"
Add component (AddParameter): Name = "Package Reference"; Value = "908-22101"; VariantName = "[No Variations]"
Add component (AddParameter): Name = "Packaging"; Value = "Bulk"; VariantName = "[No Variations]"
Add component (AddParameter): Name = "Series"; Value = "MicroMate™"; VariantName = "[No Variations]"
Add component (AddParameter): Name = "Shield Termination"; Value = "Solder"; VariantName = "[No Variations]"
Add component (AddParameter): Name = "Standard Package"; Value = "1"; VariantName = "[No Variations]"
Add component (AddParameter): Name = "Voltage Rating"; Value = "-"; VariantName = "[No Variations]"
Added Component: Designator=L1(WE-TPC-6823-X)
Add component (AddParameter): Name = "ComponentLink1Description"; Value = "Manufacturer Link"; VariantName = "[No Variations]"
Add component (AddParameter): Name = "ComponentLink1URL"; Value = "http://www.we-online.com"; VariantName = "[No Variations]"
Add component (AddParameter): Name = "ComponentLink2Description"; Value = "Datasheet"; VariantName = "[No Variations]"
Add component (AddParameter): Name = "ComponentLink2URL"; Value = "http://www.we-online.de/katalog/media/pdf/744062152.pdf"; VariantName = "[No Variations]"
Add component (AddParameter): Name = "DatasheetVersion"; Value = "ver 5, Jan-2009"; VariantName = "[No Variations]"
Add component (AddParameter): Name = "Inductance"; Value = "1500 ÂµH"; VariantName = "[No Variations]"
Add component (AddParameter): Name = "PackageDescription"; Value = "SMD Inductor, 2-Leads, Body 6.8 x 6.8 mm"; VariantName = "[No Variations]"
Add component (AddParameter): Name = "PackageReference"; Value = "WE-TPC-6823-X"; VariantName = "[No Variations]"
Add component (AddParameter): Name = "PackageVersion"; Value = "2009"; VariantName = "[No Variations]"
Added Component: Designator=L2(WE-TPC-6823-X)
Add component (AddParameter): Name = "ComponentLink1Description"; Value = "Manufacturer Link"; VariantName = "[No Variations]"
Add component (AddParameter): Name = "ComponentLink1URL"; Value = "http://www.we-online.com"; VariantName = "[No Variations]"
Add component (AddParameter): Name = "ComponentLink2Description"; Value = "Datasheet"; VariantName = "[No Variations]"
Add component (AddParameter): Name = "ComponentLink2URL"; Value = "http://www.we-online.de/katalog/media/pdf/744062152.pdf"; VariantName = "[No Variations]"
Add component (AddParameter): Name = "DatasheetVersion"; Value = "ver 5, Jan-2009"; VariantName = "[No Variations]"
Add component (AddParameter): Name = "Inductance"; Value = "1500 ÂµH"; VariantName = "[No Variations]"
Add component (AddParameter): Name = "PackageDescription"; Value = "SMD Inductor, 2-Leads, Body 6.8 x 6.8 mm"; VariantName = "[No Variations]"
Add component (AddParameter): Name = "PackageReference"; Value = "WE-TPC-6823-X"; VariantName = "[No Variations]"
Add component (AddParameter): Name = "PackageVersion"; Value = "2009"; VariantName = "[No Variations]"
Added Component: Designator=U1(FP-QFN24L-IPC_C)
Add component (AddParameter): Name = "Ambient Temperature Range High"; Value = "+105°C"; VariantName = "[No Variations]"
Add component (AddParameter): Name = "Ambient Temperature Range Low"; Value = "-40°C"; VariantName = "[No Variations]"
Add component (AddParameter): Name = "Automotive"; Value = "No"; VariantName = "[No Variations]"
Add component (AddParameter): Name = "Bandwidth"; Value = "1-800kHz"; VariantName = "[No Variations]"
Add component (AddParameter): Name = "Category"; Value = "IC"; VariantName = "[No Variations]"
Add component (AddParameter): Name = "ComponentLink2Description"; Value = "Datasheet"; VariantName = "[No Variations]"
Add component (AddParameter): Name = "ComponentLink2URL"; Value = "https://www.st.com/resource/en/datasheet/s2-lp.pdf"; VariantName = "[No Variations]"
Add component (AddParameter): Name = "Data Rate"; Value = "500kbits/s"; VariantName = "[No Variations]"
Add component (AddParameter): Name = "Device Class L1"; Value = "Integrated Circuits (ICs)"; VariantName = "[No Variations]"
Add component (AddParameter): Name = "Device Class L2"; Value = "RF Semiconductors and Devices"; VariantName = "[No Variations]"
Add component (AddParameter): Name = "Device Class L3"; Value = "Transceivers"; VariantName = "[No Variations]"
Add component (AddParameter): Name = "Digikey Description"; Value = "IC RF TXRX ISM<1GHZ 24VFQFN"; VariantName = "[No Variations]"
Add component (AddParameter): Name = "Height"; Value = "1mm"; VariantName = "[No Variations]"
Add component (AddParameter): Name = "Interface"; Value = "SPI,UART"; VariantName = "[No Variations]"
Add component (AddParameter): Name = "Ipc Land Pattern Name"; Value = "QFN50P400X400X90-24"; VariantName = "[No Variations]"
Add component (AddParameter): Name = "Lead Free"; Value = "Yes"; VariantName = "[No Variations]"
Add component (AddParameter): Name = "Manufacturer"; Value = "STMicroelectronics"; VariantName = "[No Variations]"
Add component (AddParameter): Name = "Manufacturer Part Number"; Value = "S2-LPQTR"; VariantName = "[No Variations]"
Add component (AddParameter): Name = "Max Frequency"; Value = "958MHz"; VariantName = "[No Variations]"
Add component (AddParameter): Name = "Max Supply Voltage"; Value = "3.6V"; VariantName = "[No Variations]"
Add component (AddParameter): Name = "Min Supply Voltage"; Value = "1.8V"; VariantName = "[No Variations]"
Add component (AddParameter): Name = "Number Of Gpio"; Value = "4"; VariantName = "[No Variations]"
Add component (AddParameter): Name = "Octopart"; Value = "https://octopart.com/s2-lpqtr-stmicroelectronics-76714564"; VariantName = "[No Variations]"
Add component (AddParameter): Name = "Package"; Value = "QFN24L"; VariantName = "[No Variations]"
Add component (AddParameter): Name = "RoHS"; Value = "TRUE"; VariantName = "[No Variations]"
Add component (AddParameter): Name = "Sensitivity"; Value = "-130dBm"; VariantName = "[No Variations]"
Add component (AddParameter): Name = "Standoff Height"; Value = "0.02mm"; VariantName = "[No Variations]"
Add component (AddParameter): Name = "Temperature"; Value = "-40°C to +105°C"; VariantName = "[No Variations]"
Add component (AddParameter): Name = "Temperature Range High"; Value = "+105°C"; VariantName = "[No Variations]"
Add component (AddParameter): Name = "Temperature Range Low"; Value = "-40°C"; VariantName = "[No Variations]"
Added Component: Designator=U2(FP-Flip-Chip6-MFG)
Add component (AddParameter): Name = "Automotive"; Value = "No"; VariantName = "[No Variations]"
Add component (AddParameter): Name = "Bandwidth"; Value = "860-930MHz"; VariantName = "[No Variations]"
Add component (AddParameter): Name = "Category"; Value = "IC"; VariantName = "[No Variations]"
Add component (AddParameter): Name = "ComponentLink2Description"; Value = "Datasheet"; VariantName = "[No Variations]"
Add component (AddParameter): Name = "ComponentLink2URL"; Value = "https://www.st.com/resource/en/datasheet/balf-spi2-01d3.pdf"; VariantName = "[No Variations]"
Add component (AddParameter): Name = "Device Class L1"; Value = "Integrated Circuits (ICs)"; VariantName = "[No Variations]"
Add component (AddParameter): Name = "Device Class L2"; Value = "RF Semiconductors and Devices"; VariantName = "[No Variations]"
Add component (AddParameter): Name = "Device Class L3"; Value = "unset"; VariantName = "[No Variations]"
Add component (AddParameter): Name = "Digikey Description"; Value = "BALUN 868MHZ-928MHZ 50/50 6UFBGA"; VariantName = "[No Variations]"
Add component (AddParameter): Name = "Height"; Value = "0.68mm"; VariantName = "[No Variations]"
Add component (AddParameter): Name = "Lead Free"; Value = "Yes"; VariantName = "[No Variations]"
Add component (AddParameter): Name = "Manufacturer"; Value = "STMicroelectronics"; VariantName = "[No Variations]"
Add component (AddParameter): Name = "Manufacturer Part Number"; Value = "BALF-SPI2-01D3"; VariantName = "[No Variations]"
Add component (AddParameter): Name = "Max Frequency"; Value = "930MHz"; VariantName = "[No Variations]"
Add component (AddParameter): Name = "Mouser Description"; Value = "BALF-SPI2 Series 927 MHz 21 dB 50 Ohm SMT Balun Transformer - FLIP CHIP-6"; VariantName = "[No Variations]"
Add component (AddParameter): Name = "Octopart"; Value = "https://octopart.com/balf-spi2-01d3-stmicroelectronics-84422982"; VariantName = "[No Variations]"
Add component (AddParameter): Name = "Package"; Value = "Flip-Chip6"; VariantName = "[No Variations]"
Add component (AddParameter): Name = "RoHS"; Value = "TRUE"; VariantName = "[No Variations]"
Add component (AddParameter): Name = "Standoff Height"; Value = "0.18mm"; VariantName = "[No Variations]"
Add component (AddParameter): Name = "Temperature"; Value = "-40°C to +105°C"; VariantName = "[No Variations]"
Add component (AddParameter): Name = "Temperature Range High"; Value = "+105°C"; VariantName = "[No Variations]"
Add component (AddParameter): Name = "Temperature Range Low"; Value = "-40°C"; VariantName = "[No Variations]"
Added Component: Designator=X1(FOX-FOXSDLF160-20_V)
Add component (AddParameter): Name = "Case\Package"; Value = "SOT-553-6"; VariantName = "[No Variations]"
Add component (AddParameter): Name = "ComponentLink1Description"; Value = "Manufacturer URL"; VariantName = "[No Variations]"
Add component (AddParameter): Name = "ComponentLink1URL"; Value = "http://www.foxonline.com/"; VariantName = "[No Variations]"
Add component (AddParameter): Name = "ComponentLink2Description"; Value = "Datasheet"; VariantName = "[No Variations]"
Add component (AddParameter): Name = "ComponentLink2URL"; Value = "http://foxonline.com/pdfs/hc49sdlf.pdf"; VariantName = "[No Variations]"
Add component (AddParameter): Name = "DatasheetVersion"; Value = "Mar-15"; VariantName = "[No Variations]"
Add component (AddParameter): Name = "Height"; Value = "0.55 mm"; VariantName = "[No Variations]"
Add component (AddParameter): Name = "Interface"; Value = "I2C"; VariantName = "[No Variations]"
Add component (AddParameter): Name = "Length"; Value = "1.6 mm"; VariantName = "[No Variations]"
Add component (AddParameter): Name = "Max Operating Temperature"; Value = "150 degC"; VariantName = "[No Variations]"
Add component (AddParameter): Name = "Max Supply Voltage"; Value = "3.3 V"; VariantName = "[No Variations]"
Add component (AddParameter): Name = "Max Supply Voltage (DC)"; Value = "6 V"; VariantName = "[No Variations]"
Add component (AddParameter): Name = "Min Operating Temperature"; Value = "-55 degC"; VariantName = "[No Variations]"
Add component (AddParameter): Name = "Min Supply Voltage"; Value = "1.4 V"; VariantName = "[No Variations]"
Add component (AddParameter): Name = "Min Supply Voltage (DC)"; Value = "4 V"; VariantName = "[No Variations]"
Add component (AddParameter): Name = "Mount"; Value = "Surface Mount"; VariantName = "[No Variations]"
Add component (AddParameter): Name = "Output Current"; Value = "3 mA"; VariantName = "[No Variations]"
Add component (AddParameter): Name = "Package Quantity"; Value = "1"; VariantName = "[No Variations]"
Add component (AddParameter): Name = "PackageDescription"; Value = "2-Pin Surface Mount Device, Body 5 x 11.7 mm, Height 4.5 mm"; VariantName = "[No Variations]"
Add component (AddParameter): Name = "PackageReference"; Value = "FOX-FOXSDLF160-20"; VariantName = "[No Variations]"
Add component (AddParameter): Name = "Packaging"; Value = "Cut Tape"; VariantName = "[No Variations]"
Add component (AddParameter): Name = "Pins"; Value = "6"; VariantName = "[No Variations]"
Add component (AddParameter): Name = "Radiation Hardening"; Value = "No"; VariantName = "[No Variations]"
Add component (AddParameter): Name = "REACH SVHC"; Value = "No SVHC"; VariantName = "[No Variations]"
Add component (AddParameter): Name = "RoHSCompliant"; Value = "true"; VariantName = "[No Variations]"
Add component (AddParameter): Name = "Weight"; Value = "9.9E-05 oz"; VariantName = "[No Variations]"
Add component (AddParameter): Name = "Width"; Value = "1.2 mm"; VariantName = "[No Variations]"
Added Pin To Net: NetName=GND Pin=C1-1
Added Pin To Net: NetName=GND Pin=C2-2
Added Pin To Net: NetName=GND Pin=C3-2
Added Pin To Net: NetName=GND Pin=C4-1
Added Pin To Net: NetName=GND Pin=C5-1
Added Pin To Net: NetName=GND Pin=C6-2
Added Pin To Net: NetName=GND Pin=C7-1
Added Pin To Net: NetName=GND Pin=C8-1
Added Pin To Net: NetName=GND Pin=U1-25
Added Pin To Net: NetName=GND Pin=U2-A2
Added Pin To Net: NetName=GND Pin=U2-D2
Added Net: Name=GND
Added Pin To Net: NetName=NetC1_2 Pin=C1-2
Added Pin To Net: NetName=NetC1_2 Pin=L1-2
Added Pin To Net: NetName=NetC1_2 Pin=L2-1
Added Pin To Net: NetName=NetC1_2 Pin=U1-3
Added Net: Name=NetC1_2
Added Pin To Net: NetName=NetC2_1 Pin=C2-1
Added Pin To Net: NetName=NetC2_1 Pin=U1-9
Added Net: Name=NetC2_1
Added Pin To Net: NetName=NetC3_1 Pin=C3-1
Added Pin To Net: NetName=NetC3_1 Pin=U1-5
Added Pin To Net: NetName=NetC3_1 Pin=X1-2
Added Net: Name=NetC3_1
Added Pin To Net: NetName=NetC4_2 Pin=C4-2
Added Pin To Net: NetName=NetC4_2 Pin=U1-24
Added Net: Name=NetC4_2
Added Pin To Net: NetName=NetC5_2 Pin=C5-2
Added Pin To Net: NetName=NetC5_2 Pin=U1-12
Added Net: Name=NetC5_2
Added Pin To Net: NetName=NetC6_1 Pin=C6-1
Added Pin To Net: NetName=NetC6_1 Pin=U1-4
Added Pin To Net: NetName=NetC6_1 Pin=X1-1
Added Net: Name=NetC6_1
Added Pin To Net: NetName=NetC7_2 Pin=C7-2
Added Pin To Net: NetName=NetC7_2 Pin=U1-8
Added Net: Name=NetC7_2
Added Pin To Net: NetName=NetC8_2 Pin=C8-2
Added Pin To Net: NetName=NetC8_2 Pin=J1-2
Added Pin To Net: NetName=NetC8_2 Pin=J1-3
Added Pin To Net: NetName=NetC8_2 Pin=J1-4
Added Net: Name=NetC8_2
Added Pin To Net: NetName=NetJ1_1 Pin=J1-1
Added Pin To Net: NetName=NetJ1_1 Pin=U2-B2
Added Net: Name=NetJ1_1
Added Pin To Net: NetName=NetL1_1 Pin=L1-1
Added Pin To Net: NetName=NetL1_1 Pin=U1-11
Added Pin To Net: NetName=NetL1_1 Pin=U2-D1
Added Net: Name=NetL1_1
Added Pin To Net: NetName=NetL2_2 Pin=L2-2
Added Pin To Net: NetName=NetL2_2 Pin=U1-2
Added Net: Name=NetL2_2
Added Pin To Net: NetName=NetU1_6 Pin=U1-6
Added Net: Name=NetU1_6
Added Pin To Net: NetName=NetU1_13 Pin=U1-13
Added Pin To Net: NetName=NetU1_13 Pin=U2-A1
Added Net: Name=NetU1_13
Added Pin To Net: NetName=NetU1_14 Pin=U1-14
Added Pin To Net: NetName=NetU1_14 Pin=U2-B1
Added Net: Name=NetU1_14
Added Pin To Net: NetName=NetU1_16 Pin=U1-16
Added Net: Name=NetU1_16
Added Pin To Net: NetName=NetU1_17 Pin=U1-17
Added Net: Name=NetU1_17
Added Pin To Net: NetName=NetU1_18 Pin=U1-18
Added Net: Name=NetU1_18
Added Pin To Net: NetName=NetU1_19 Pin=U1-19
Added Net: Name=NetU1_19
Added Pin To Net: NetName=NetU1_20 Pin=U1-20
Added Net: Name=NetU1_20
Added Pin To Net: NetName=NetU1_21 Pin=U1-21
Added Net: Name=NetU1_21
Added Pin To Net: NetName=NetU1_22 Pin=U1-22
Added Net: Name=NetU1_22
Added Pin To Net: NetName=NetU1_23 Pin=U1-23
Added Net: Name=NetU1_23
Added Pin To Net: NetName=VCC Pin=U1-1
Added Pin To Net: NetName=VCC Pin=U1-7
Added Pin To Net: NetName=VCC Pin=U1-10
Added Pin To Net: NetName=VCC Pin=U1-15
Added Net: Name=VCC
Added Class: Name=txrx
Added Room: Name=txrx
