Post Processor Report
OrCAD FILE: C:\USERS\PLACIDO DE-VITA\DESKTOP\LAVORO\SUB 1 GHZ\S2-LP\BOARD APPLICATIVA VERS2\LAYOUT\GERBER-STEVAL-FKI433V1.MAX
Wed Dec 14 10:04:24 2016

*********************************************************

Output file: C:\USERS\PLACIDO DE-VITA\DESKTOP\LAVORO\SUB 1 GHZ\S2-LP\BOARD APPLICATIVA VERS2\LAYOUT\GERBER-STEVAL-FKI433V1.TOP

Aperture totals for C:\USERS\PLACIDO DE-VITA\DESKTOP\LAVORO\SUB 1 GHZ\S2-LP\BOARD APPLICATIVA VERS2\LAYOUT\GERBER-STEVAL-FKI433V1.TOP:
---------------------------------------------------------
D10:  0.0380 x 0.0320 RECTANGLE -----       2 Flashes
D11:  0.0220 SQUARE --       0 Draws,     100 Flashes
D12:  0.0320 x 0.0380 RECTANGLE -----       4 Flashes
D13:  0.0618 x 0.0787 OBLONG    -----      28 Flashes
D14:  0.0618 x 0.0787 RECTANGLE -----       4 Flashes
D15:  0.2000 x 0.0500 RECTANGLE -----       2 Flashes
D16:  0.1500 x 0.0300 RECTANGLE -----       1 Flashes
D17:  0.0640 ROUND  --       0 Draws,       2 Flashes
D18:  0.0480 x 0.0400 RECTANGLE -----       2 Flashes
D19:  0.0940 x 0.0250 OBLONG    -----       7 Flashes
D20:  0.0940 x 0.0250 RECTANGLE -----       1 Flashes
D21:  0.0100 x 0.0200 RECTANGLE -----      12 Flashes
D22:  0.1063 SQUARE --       0 Draws,       1 Flashes
D23:  0.0200 x 0.0100 RECTANGLE -----      12 Flashes
D24:  0.0300 x 0.0330 RECTANGLE -----       4 Flashes
D25:  0.0150 ROUND  --       0 Draws,     292 Flashes
D26:  0.0650 ROUND  --       0 Draws,       1 Flashes
D27:  0.0010 ROUND  --    3862 Draws,       0 Flashes
D28:  0.0100 ROUND  --     249 Draws,       1 Flashes
D29:  0.0200 ROUND  --       5 Draws,       0 Flashes
D30:  0.0060 ROUND  --       1 Draws,       0 Flashes
D31:  0.0080 ROUND  --       2 Draws,       0 Flashes
---------------------------------------------------------
 22 D-Codes      -----    4119 Draws,     476 Flashes

*********************************************************

Output file: C:\USERS\PLACIDO DE-VITA\DESKTOP\LAVORO\SUB 1 GHZ\S2-LP\BOARD APPLICATIVA VERS2\LAYOUT\GERBER-STEVAL-FKI433V1.BOT

Aperture totals for C:\USERS\PLACIDO DE-VITA\DESKTOP\LAVORO\SUB 1 GHZ\S2-LP\BOARD APPLICATIVA VERS2\LAYOUT\GERBER-STEVAL-FKI433V1.BOT:
---------------------------------------------------------
D11:  0.0220 SQUARE --       0 Draws,      24 Flashes
D13:  0.0618 x 0.0787 OBLONG    -----      28 Flashes
D14:  0.0618 x 0.0787 RECTANGLE -----       4 Flashes
D15:  0.2000 x 0.0500 RECTANGLE -----       2 Flashes
D17:  0.0640 ROUND  --       0 Draws,       2 Flashes
D25:  0.0150 ROUND  --       0 Draws,     292 Flashes
D26:  0.0650 ROUND  --       0 Draws,       1 Flashes
D27:  0.0010 ROUND  --   28945 Draws,       0 Flashes
D28:  0.0100 ROUND  --     123 Draws,       0 Flashes
D30:  0.0060 ROUND  --       8 Draws,       0 Flashes
---------------------------------------------------------
 10 D-Codes      -----   29076 Draws,     353 Flashes

*********************************************************

Output file: C:\USERS\PLACIDO DE-VITA\DESKTOP\LAVORO\SUB 1 GHZ\S2-LP\BOARD APPLICATIVA VERS2\LAYOUT\GERBER-STEVAL-FKI433V1.GND

Aperture totals for C:\USERS\PLACIDO DE-VITA\DESKTOP\LAVORO\SUB 1 GHZ\S2-LP\BOARD APPLICATIVA VERS2\LAYOUT\GERBER-STEVAL-FKI433V1.GND:
---------------------------------------------------------
D25:  0.0150 ROUND  --       0 Draws,     292 Flashes
D26:  0.0650 ROUND  --       0 Draws,       1 Flashes
D27:  0.0010 ROUND  --   12658 Draws,       0 Flashes
D32:  0.0620 x 0.0790 OBLONG    -----      28 Flashes
D33:  0.0620 x 0.0790 RECTANGLE -----       4 Flashes
D34:  0.0700 ROUND  --       0 Draws,       2 Flashes
---------------------------------------------------------
  6 D-Codes      -----   12658 Draws,     327 Flashes

*********************************************************

Output file: C:\USERS\PLACIDO DE-VITA\DESKTOP\LAVORO\SUB 1 GHZ\S2-LP\BOARD APPLICATIVA VERS2\LAYOUT\GERBER-STEVAL-FKI433V1.SMT

Aperture totals for C:\USERS\PLACIDO DE-VITA\DESKTOP\LAVORO\SUB 1 GHZ\S2-LP\BOARD APPLICATIVA VERS2\LAYOUT\GERBER-STEVAL-FKI433V1.SMT:
---------------------------------------------------------
D10:  0.0380 x 0.0320 RECTANGLE -----       2 Flashes
D11:  0.0220 SQUARE --       0 Draws,     100 Flashes
D12:  0.0320 x 0.0380 RECTANGLE -----       4 Flashes
D13:  0.0618 x 0.0787 OBLONG    -----      28 Flashes
D14:  0.0618 x 0.0787 RECTANGLE -----       4 Flashes
D18:  0.0480 x 0.0400 RECTANGLE -----       2 Flashes
D19:  0.0940 x 0.0250 OBLONG    -----       7 Flashes
D20:  0.0940 x 0.0250 RECTANGLE -----       1 Flashes
D22:  0.1063 SQUARE --       0 Draws,       1 Flashes
D24:  0.0300 x 0.0330 RECTANGLE -----       4 Flashes
D35:  0.2500 x 0.1000 RECTANGLE -----       2 Flashes
D36:  0.1600 x 0.0350 RECTANGLE -----       1 Flashes
D37:  0.0690 ROUND  --       0 Draws,       2 Flashes
D38:  0.0080 x 0.0200 RECTANGLE -----      12 Flashes
D39:  0.0200 x 0.0080 RECTANGLE -----      12 Flashes
D40:  0.0800 ROUND  --       0 Draws,       1 Flashes
---------------------------------------------------------
 16 D-Codes      -----       0 Draws,     183 Flashes

*********************************************************

Output file: C:\USERS\PLACIDO DE-VITA\DESKTOP\LAVORO\SUB 1 GHZ\S2-LP\BOARD APPLICATIVA VERS2\LAYOUT\GERBER-STEVAL-FKI433V1.SMB

Aperture totals for C:\USERS\PLACIDO DE-VITA\DESKTOP\LAVORO\SUB 1 GHZ\S2-LP\BOARD APPLICATIVA VERS2\LAYOUT\GERBER-STEVAL-FKI433V1.SMB:
---------------------------------------------------------
D11:  0.0220 SQUARE --       0 Draws,      24 Flashes
D13:  0.0618 x 0.0787 OBLONG    -----      28 Flashes
D14:  0.0618 x 0.0787 RECTANGLE -----       4 Flashes
D37:  0.0690 ROUND  --       0 Draws,       2 Flashes
D40:  0.0800 ROUND  --       0 Draws,       1 Flashes
D41:  0.2100 x 0.0600 RECTANGLE -----       2 Flashes
---------------------------------------------------------
  6 D-Codes      -----       0 Draws,      61 Flashes

*********************************************************

Output file: C:\USERS\PLACIDO DE-VITA\DESKTOP\LAVORO\SUB 1 GHZ\S2-LP\BOARD APPLICATIVA VERS2\LAYOUT\GERBER-STEVAL-FKI433V1.SPT

Aperture totals for C:\USERS\PLACIDO DE-VITA\DESKTOP\LAVORO\SUB 1 GHZ\S2-LP\BOARD APPLICATIVA VERS2\LAYOUT\GERBER-STEVAL-FKI433V1.SPT:
---------------------------------------------------------
D10:  0.0380 x 0.0320 RECTANGLE -----       2 Flashes
D11:  0.0220 SQUARE --       0 Draws,     100 Flashes
D12:  0.0320 x 0.0380 RECTANGLE -----       4 Flashes
D15:  0.2000 x 0.0500 RECTANGLE -----       2 Flashes
D16:  0.1500 x 0.0300 RECTANGLE -----       1 Flashes
D18:  0.0480 x 0.0400 RECTANGLE -----       2 Flashes
D19:  0.0940 x 0.0250 OBLONG    -----       7 Flashes
D20:  0.0940 x 0.0250 RECTANGLE -----       1 Flashes
D24:  0.0300 x 0.0330 RECTANGLE -----       4 Flashes
D26:  0.0650 ROUND  --       0 Draws,       1 Flashes
D38:  0.0080 x 0.0200 RECTANGLE -----      12 Flashes
D39:  0.0200 x 0.0080 RECTANGLE -----      12 Flashes
D42:  0.0984 SQUARE --       0 Draws,       1 Flashes
---------------------------------------------------------
 13 D-Codes      -----       0 Draws,     149 Flashes

*********************************************************

Output file: C:\USERS\PLACIDO DE-VITA\DESKTOP\LAVORO\SUB 1 GHZ\S2-LP\BOARD APPLICATIVA VERS2\LAYOUT\GERBER-STEVAL-FKI433V1.SPB

Aperture totals for C:\USERS\PLACIDO DE-VITA\DESKTOP\LAVORO\SUB 1 GHZ\S2-LP\BOARD APPLICATIVA VERS2\LAYOUT\GERBER-STEVAL-FKI433V1.SPB:
---------------------------------------------------------
D11:  0.0220 SQUARE --       0 Draws,      24 Flashes
D15:  0.2000 x 0.0500 RECTANGLE -----       2 Flashes
D26:  0.0650 ROUND  --       0 Draws,       1 Flashes
---------------------------------------------------------
  3 D-Codes      -----       0 Draws,      27 Flashes

*********************************************************

Output file: C:\USERS\PLACIDO DE-VITA\DESKTOP\LAVORO\SUB 1 GHZ\S2-LP\BOARD APPLICATIVA VERS2\LAYOUT\GERBER-STEVAL-FKI433V1.SST

Aperture totals for C:\USERS\PLACIDO DE-VITA\DESKTOP\LAVORO\SUB 1 GHZ\S2-LP\BOARD APPLICATIVA VERS2\LAYOUT\GERBER-STEVAL-FKI433V1.SST:
---------------------------------------------------------
D27:  0.0010 ROUND  --    1620 Draws,       0 Flashes
D28:  0.0100 ROUND  --      12 Draws,       0 Flashes
D30:  0.0060 ROUND  --     126 Draws,       0 Flashes
D31:  0.0080 ROUND  --      45 Draws,       0 Flashes
D43:  0.0100 ROUND  --       0 Draws,       1 Flashes
D44:  0.0040 ROUND  --    1099 Draws,       0 Flashes
D45:  0.0030 ROUND  --      53 Draws,       0 Flashes
D46:  0.0020 ROUND  --       2 Draws,       0 Flashes
D47:  0.0015 ROUND  --    1563 Draws,       0 Flashes
D48:  0.0070 ROUND  --     277 Draws,       0 Flashes
---------------------------------------------------------
 10 D-Codes      -----    4797 Draws,       1 Flashes

*********************************************************

Output file: C:\USERS\PLACIDO DE-VITA\DESKTOP\LAVORO\SUB 1 GHZ\S2-LP\BOARD APPLICATIVA VERS2\LAYOUT\GERBER-STEVAL-FKI433V1.SSB

Aperture totals for C:\USERS\PLACIDO DE-VITA\DESKTOP\LAVORO\SUB 1 GHZ\S2-LP\BOARD APPLICATIVA VERS2\LAYOUT\GERBER-STEVAL-FKI433V1.SSB:
---------------------------------------------------------
D44:  0.0040 ROUND  --     231 Draws,       0 Flashes
---------------------------------------------------------
  1 D-Codes      -----     231 Draws,       0 Flashes

*********************************************************

Output file: C:\USERS\PLACIDO DE-VITA\DESKTOP\LAVORO\SUB 1 GHZ\S2-LP\BOARD APPLICATIVA VERS2\LAYOUT\GERBER-STEVAL-FKI433V1.DRD

Aperture totals for C:\USERS\PLACIDO DE-VITA\DESKTOP\LAVORO\SUB 1 GHZ\S2-LP\BOARD APPLICATIVA VERS2\LAYOUT\GERBER-STEVAL-FKI433V1.DRD:
---------------------------------------------------------
D27:  0.0010 ROUND  --       8 Draws,       0 Flashes
D28:  0.0100 ROUND  --    1154 Draws,       0 Flashes
---------------------------------------------------------
  2 D-Codes      -----    1162 Draws,       0 Flashes

*********************************************************

Output file: C:\USERS\PLACIDO DE-VITA\DESKTOP\LAVORO\SUB 1 GHZ\S2-LP\BOARD APPLICATIVA VERS2\LAYOUT\GERBER-STEVAL-FKI433V1.FAB

Aperture totals for C:\USERS\PLACIDO DE-VITA\DESKTOP\LAVORO\SUB 1 GHZ\S2-LP\BOARD APPLICATIVA VERS2\LAYOUT\GERBER-STEVAL-FKI433V1.FAB:
---------------------------------------------------------
D27:  0.0010 ROUND  --      28 Draws,       0 Flashes
D28:  0.0100 ROUND  --    2932 Draws,       2 Flashes
D29:  0.0200 ROUND  --      77 Draws,       0 Flashes
---------------------------------------------------------
  3 D-Codes      -----    3037 Draws,       2 Flashes


*********************************************************

Aperture totals for entire project:
---------------------------------------------------------
D10:  0.0380 x 0.0320 RECTANGLE -----       6 Flashes
D11:  0.0220 SQUARE --       0 Draws,     372 Flashes
D12:  0.0320 x 0.0380 RECTANGLE -----      12 Flashes
D13:  0.0618 x 0.0787 OBLONG    -----     112 Flashes
D14:  0.0618 x 0.0787 RECTANGLE -----      16 Flashes
D15:  0.2000 x 0.0500 RECTANGLE -----       8 Flashes
D16:  0.1500 x 0.0300 RECTANGLE -----       2 Flashes
D17:  0.0640 ROUND  --       0 Draws,       4 Flashes
D18:  0.0480 x 0.0400 RECTANGLE -----       6 Flashes
D19:  0.0940 x 0.0250 OBLONG    -----      21 Flashes
D20:  0.0940 x 0.0250 RECTANGLE -----       3 Flashes
D21:  0.0100 x 0.0200 RECTANGLE -----      12 Flashes
D22:  0.1063 SQUARE --       0 Draws,       2 Flashes
D23:  0.0200 x 0.0100 RECTANGLE -----      12 Flashes
D24:  0.0300 x 0.0330 RECTANGLE -----      12 Flashes
D25:  0.0150 ROUND  --       0 Draws,     876 Flashes
D26:  0.0650 ROUND  --       0 Draws,       5 Flashes
D27:  0.0010 ROUND  --   47121 Draws,       0 Flashes
D28:  0.0100 ROUND  --    4470 Draws,       3 Flashes
D29:  0.0200 ROUND  --      82 Draws,       0 Flashes
D30:  0.0060 ROUND  --     135 Draws,       0 Flashes
D31:  0.0080 ROUND  --      47 Draws,       0 Flashes
D32:  0.0620 x 0.0790 OBLONG    -----      28 Flashes
D33:  0.0620 x 0.0790 RECTANGLE -----       4 Flashes
D34:  0.0700 ROUND  --       0 Draws,       2 Flashes
D35:  0.2500 x 0.1000 RECTANGLE -----       2 Flashes
D36:  0.1600 x 0.0350 RECTANGLE -----       1 Flashes
D37:  0.0690 ROUND  --       0 Draws,       4 Flashes
D38:  0.0080 x 0.0200 RECTANGLE -----      24 Flashes
D39:  0.0200 x 0.0080 RECTANGLE -----      24 Flashes
D40:  0.0800 ROUND  --       0 Draws,       2 Flashes
D41:  0.2100 x 0.0600 RECTANGLE -----       2 Flashes
D42:  0.0984 SQUARE --       0 Draws,       1 Flashes
D43:  0.0100 ROUND  --       0 Draws,       1 Flashes
D44:  0.0040 ROUND  --    1330 Draws,       0 Flashes
D45:  0.0030 ROUND  --      53 Draws,       0 Flashes
D46:  0.0020 ROUND  --       2 Draws,       0 Flashes
D47:  0.0015 ROUND  --    1563 Draws,       0 Flashes
D48:  0.0070 ROUND  --     277 Draws,       0 Flashes
---------------------------------------------------------
 39 D-Codes      -----   55080 Draws,    1579 Flashes


No warnings or errors.
